> Task :compileJava UP-TO-DATE
> Task :processResources
> Task :classes
> Task :resolveMainClassName

> Task :bootRun

  .   ____          _            __ _ _
 /\\ / ___'_ __ _ _(_)_ __  __ _ \ \ \ \
( ( )\___ | '_ | '_| | '_ \/ _` | \ \ \ \
 \\/  ___)| |_)| | | | | || (_| |  ) ) ) )
  '  |____| .__|_| |_|_| |_\__, | / / / /
 =========|_|==============|___/=/_/_/_/

 :: Spring Boot ::                (v3.3.1)

2026-07-08T15:25:02.278+05:30  INFO 7464 --- [backend] [           main] c.kabadbecho.backend.BackendApplication  : Starting BackendApplication using Java 22.0.2 with PID 7464 (C:\Users\Lenovo\Downloads\Kabad-becho-proj-main\Kabad-becho-proj-main\backend\build\classes\java\main started by Lenovo in C:\Users\Lenovo\Downloads\Kabad-becho-proj-main\Kabad-becho-proj-main\backend)
2026-07-08T15:25:02.280+05:30  INFO 7464 --- [backend] [           main] c.kabadbecho.backend.BackendApplication  : No active profile set, falling back to 1 default profile: "default"
2026-07-08T15:25:02.887+05:30  INFO 7464 --- [backend] [           main] .s.d.r.c.RepositoryConfigurationDelegate : Bootstrapping Spring Data JPA repositories in DEFAULT mode.
2026-07-08T15:25:02.932+05:30  INFO 7464 --- [backend] [           main] .s.d.r.c.RepositoryConfigurationDelegate : Finished Spring Data repository scanning in 38 ms. Found 2 JPA repository interfaces.
2026-07-08T15:25:03.345+05:30  INFO 7464 --- [backend] [           main] o.s.b.w.embedded.tomcat.TomcatWebServer  : Tomcat initialized with port 8080 (http)
2026-07-08T15:25:03.355+05:30  INFO 7464 --- [backend] [           main] o.apache.catalina.core.StandardService   : Starting service [Tomcat]
2026-07-08T15:25:03.356+05:30  INFO 7464 --- [backend] [           main] o.apache.catalina.core.StandardEngine    : Starting Servlet engine: [Apache Tomcat/10.1.25]
2026-07-08T15:25:03.402+05:30  INFO 7464 --- [backend] [           main] o.a.c.c.C.[Tomcat].[localhost].[/]       : Initializing Spring embedded WebApplicationContext
2026-07-08T15:25:03.403+05:30  INFO 7464 --- [backend] [           main] w.s.c.ServletWebServerApplicationContext : Root WebApplicationContext: initialization completed in 1078 ms
2026-07-08T15:25:03.425+05:30  INFO 7464 --- [backend] [           main] com.zaxxer.hikari.HikariDataSource       : HikariPool-1 - Starting...
2026-07-08T15:25:03.805+05:30  INFO 7464 --- [backend] [           main] com.zaxxer.hikari.pool.HikariPool        : HikariPool-1 - Added connection conn1: url=jdbc:h2:file:./db/kabadbechodb user=SA
2026-07-08T15:25:03.806+05:30  INFO 7464 --- [backend] [           main] com.zaxxer.hikari.HikariDataSource       : HikariPool-1 - Start completed.
2026-07-08T15:25:03.812+05:30  INFO 7464 --- [backend] [           main] o.s.b.a.h2.H2ConsoleAutoConfiguration    : H2 console available at '/h2-console'. Database available at 'jdbc:h2:file:./db/kabadbechodb'
2026-07-08T15:25:03.920+05:30  INFO 7464 --- [backend] [           main] o.hibernate.jpa.internal.util.LogHelper  : HHH000204: Processing PersistenceUnitInfo [name: default]
2026-07-08T15:25:03.972+05:30  INFO 7464 --- [backend] [           main] org.hibernate.Version                    : HHH000412: Hibernate ORM core version 6.5.2.Final
2026-07-08T15:25:04.000+05:30  INFO 7464 --- [backend] [           main] o.h.c.internal.RegionFactoryInitiator    : HHH000026: Second-level cache disabled
2026-07-08T15:25:04.236+05:30  INFO 7464 --- [backend] [           main] o.s.o.j.p.SpringPersistenceUnitInfo      : No LoadTimeWeaver setup: ignoring JPA class transformer
2026-07-08T15:25:04.275+05:30  WARN 7464 --- [backend] [           main] org.hibernate.orm.deprecation            : HHH90000025: H2Dialect does not need to be specified explicitly using 'hibernate.dialect' (remove the property setting and it will be selected by default)
2026-07-08T15:25:04.924+05:30  INFO 7464 --- [backend] [           main] o.h.e.t.j.p.i.JtaPlatformInitiator       : HHH000489: No JTA platform available (set 'hibernate.transaction.jta.platform' to enable JTA platform integration)
2026-07-08T15:25:04.961+05:30  INFO 7464 --- [backend] [           main] j.LocalContainerEntityManagerFactoryBean : Initialized JPA EntityManagerFactory for persistence unit 'default'
2026-07-08T15:25:05.188+05:30  INFO 7464 --- [backend] [           main] o.s.d.j.r.query.QueryEnhancerFactory     : Hibernate is in classpath; If applicable, HQL parser will be used.
2026-07-08T15:25:05.525+05:30  WARN 7464 --- [backend] [           main] JpaBaseConfiguration$JpaWebConfiguration : spring.jpa.open-in-view is enabled by default. Therefore, database queries may be performed during view rendering. Explicitly configure spring.jpa.open-in-view to disable this warning
2026-07-08T15:25:05.538+05:30  WARN 7464 --- [backend] [           main] .s.s.UserDetailsServiceAutoConfiguration : 

Using generated security password: a84c7271-de05-4177-8869-cbf7558d65f6

This generated password is for development use only. Your security configuration must be updated before running your application in production.

2026-07-08T15:25:05.544+05:30  INFO 7464 --- [backend] [           main] r$InitializeUserDetailsManagerConfigurer : Global AuthenticationManager configured with UserDetailsService bean with name inMemoryUserDetailsManager
2026-07-08T15:25:05.870+05:30  INFO 7464 --- [backend] [           main] o.s.b.w.embedded.tomcat.TomcatWebServer  : Tomcat started on port 8080 (http) with context path '/'
2026-07-08T15:25:05.875+05:30  INFO 7464 --- [backend] [           main] c.kabadbecho.backend.BackendApplication  : Started BackendApplication in 3.977 seconds (process running for 4.347)
